<?xml version="1.0" encoding="UTF-8"?>
<!-- Generated by org.testng.reporters.JUnitXMLReporter -->
<testsuite hostname="RokLightning" ignored="0" name="00000" tests="2" failures="2" timestamp="07 Feb 2019 22:49:29 GMT" time="5.152" errors="0">
  <testcase name="joinUsTest" time="2.74" classname="tests.JoinUs">
    <failure type="java.lang.AssertionError" message="No confirmation email sent expected [false] but found [true]">
      <![CDATA[java.lang.AssertionError: No confirmation email sent expected [false] but found [true]
at tests.JoinUs.joinUsTest(JoinUs.java:59)
at java.util.concurrent.ThreadPoolExecutor.runWorker(ThreadPoolExecutor.java:1149)
at java.util.concurrent.ThreadPoolExecutor$Worker.run(ThreadPoolExecutor.java:624)
at java.lang.Thread.run(Thread.java:748)
... Removed 13 stack frames]]>
    </failure>
  </testcase> <!-- joinUsTest -->
  <testcase name="findMyProfileTest" time="2.02" classname="tests.FindMyProfile">
    <failure type="java.lang.AssertionError" message="User[Nitish Chauhan]not found! expected [true] but found [false]">
      <![CDATA[java.lang.AssertionError: User[Nitish Chauhan]not found! expected [true] but found [false]
at tests.FindMyProfile.findMyProfileTest(FindMyProfile.java:57)
at java.util.concurrent.ThreadPoolExecutor.runWorker(ThreadPoolExecutor.java:1149)
at java.util.concurrent.ThreadPoolExecutor$Worker.run(ThreadPoolExecutor.java:624)
at java.lang.Thread.run(Thread.java:748)
... Removed 13 stack frames]]>
    </failure>
  </testcase> <!-- findMyProfileTest -->
</testsuite> <!-- 00000 -->
